<?xml version="1.0" encoding="UTF-8"?>
<testng-results ignored="0" total="2" passed="2" failed="0" skipped="0">
  <reporter-output>
  </reporter-output>
  <suite started-at="2022-10-20T17:37:21 EDT" name="Suite" finished-at="2022-10-20T17:37:21 EDT" duration-ms="47">
    <groups>
    </groups>
    <test started-at="2022-10-20T17:37:21 EDT" name="Test" finished-at="2022-10-20T17:37:21 EDT" duration-ms="47">
      <class name="math.RectangularTest">
        <test-method is-config="true" signature="setup()[pri:0, instance:math.RectangularTest@1ea9f6af]" started-at="2022-10-20T17:37:21 EDT" name="setup" finished-at="2022-10-20T17:37:21 EDT" duration-ms="9" status="PASS">
          <reporter-output>
          </reporter-output>
        </test-method> <!-- setup -->
        <test-method signature="getAreaTest()[pri:0, instance:math.RectangularTest@1ea9f6af]" started-at="2022-10-20T17:37:21 EDT" name="getAreaTest" finished-at="2022-10-20T17:37:21 EDT" duration-ms="8" status="PASS">
          <reporter-output>
          </reporter-output>
        </test-method> <!-- getAreaTest -->
        <test-method signature="getPerimeterTest()[pri:0, instance:math.RectangularTest@1ea9f6af]" started-at="2022-10-20T17:37:21 EDT" name="getPerimeterTest" finished-at="2022-10-20T17:37:21 EDT" duration-ms="1" status="PASS">
          <reporter-output>
          </reporter-output>
        </test-method> <!-- getPerimeterTest -->
      </class> <!-- math.RectangularTest -->
    </test> <!-- Test -->
  </suite> <!-- Suite -->
</testng-results>
